export LC_ALL='C'
locale  # all 'C'
sort /usr/share/dict/words -o words
wget https://web.cs.ucla.edu/classes/fall20/cs35L/assign/assign3.html

(Description after "#")
tr -c 'A-Za-z' '[\n*]'  
# substitute all the characters with a return except for letters A-Za-z.

tr -cs 'A-Za-z' '[\n*]' 
# same as above but squeeze the repeated substitution with only one return.

tr -cs 'A-Za-z' '[\n*]' | sort 
# same as above but the ouput strings seperated by returns are sorted.

tr -cs 'A-Za-z' '[\n*]' | sort -u 
# same as above but cancels the repeated strings after sorting.

tr -cs 'A-Za-z' '[\n*]' | sort -u | comm - words 
# output the unique strings repectively as column1 and column2, 
and ouput column3 is the common occurances. 

tr -cs 'A-Za-z' '[\n*]' | sort -u | comm -23 - words # ENGLISHCHECKER
# outputs the unique strings of input as one column,
 excludes the unique strings of <words> and common strings

wget https://www.mauimapp.com/moolelo/hwnwdshw.htm
vim buildwords
<start of buildwords>
	#1. remove ?, <u>, and </u>: 
sed '/?/d' |
sed '/<u>/d' |
sed '/<\/u>/d' |
	#2. upper to lower; grave accent ` to  apostrophe ‘; hyphen to space; space to \n:
tr '[A-Z]' '[a-z]' |
tr '\`' '\‘'  |
tr '-' ' ' | 
tr -s ' ' '\n' |
	#3. extract and replace:
grep '<[^>]*>' | sed 's/<[^>]*>/ /g' |
sort -u
<end of buildwords>

chmod +x buildwords
cat hwnwdshw.htm | ./buildwords > hwords
tr -cs "pk\'mnwlhaeiou" '[\n*]' < assign3.html | tr '[:upper:]' '[:lower:]' | sort -u
tr -cs "pk\'mnwlhaeiou" '[\n*]' < hwords | tr '[:upper:]' '[:lower:]' | sort -u > temp
cat temp > hwords

cat assign3.html | ./buildwords | tr -cs "pk\'mnwlhaeiou" '[\n*]' | sort -u | comm -23 - hwords 
cat hwords | tr -cs "pk\'mnwlhaeiou" '[\n*]' | sort -u | comm -23 - hwords  

cat assign3.html | ./buildwords | tr -cs "A-Za-z" '[\n*]' | sort -u | comm -23 - words > misseng
cat misseng | wc -w  # 26 misspelled English words
cat assign3.html | ./buildwords | tr -cs "A-Za-z" '[\n*]' | sort -u | comm -23 - hwords > misshaw
cat misshaw | wc -w  # 135 misspelled Hawaiian words
comm -23 misseng misshaw | wc -w  # 3 misspelled English words but not misspelled Hawaiian words
# e.g.  "kahiki", "wiki"
comm -23 misshaw misseng | wc -w  # 112 misspelled Hawaiian words but not misspelled English words
# e.g.  "words", "your"








# miss
cat assign3.html | ./buildwords | tr -cs 'A-Za-z' '[\n*]' | sort -u | comm -23 - hwords | wc -w





