export LC_ALL='C'
locale  # all 'C'
sort /usr/share/dict/words -o words
wget https://web.cs.ucla.edu/classes/fall20/cs35L/assign/assign3.html

(Description after "#")
tr -c 'A-Za-z' '[\n*]'  
# substitute all the characters with a return except for letters A-Za-z.

tr -cs 'A-Za-z' '[\n*]' 
# same as above but squeeze the repeated substitution with only one return.

tr -cs 'A-Za-z' '[\n*]' | sort 
# same as above but the ouput strings seperated by returns are sorted.

tr -cs 'A-Za-z' '[\n*]' | sort -u 
# same as above but cancels the repeated strings after sorting.

tr -cs 'A-Za-z' '[\n*]' | sort -u | comm - words 
# output the unique strings repectively as column1 and column2, 
and ouput column3 is the common occurances. 

tr -cs 'A-Za-z' '[\n*]' | sort -u | comm -23 - words # ENGLISHCHECKER
# outputs the unique strings of input as one column,
 excludes the unique strings of <words> and common strings,
 => check any misspelling according to <words>.

wget https://www.mauimapp.com/moolelo/hwnwdshw.htm
vim buildwords

<start of buildwords>
	#0. extract using ERE
grep -E "<td>.*</td>" $@ |
	#1. remove ? and tags: 
sed 's/\?//g' |
sed 's/<u>//g' |
sed 's/<\/u>//g' | 
sed 's/<td>//g' |
sed "s/<\/td>//g" |
	#2. upper to lower; 
	grave accent ` to  apostrophe ‘; 
	hyphen to space;
	space to \n;
	etc.
sed "s/\`/\'/g" |
tr [:upper:] [:lower:] |
tr -s '-' ' ' | 
tr -s ',' '\n' |
tr -s ' ' '\n' |
sed "/[^pk\'mnwlhaeiou]/d" |	
	#4. sort unique
sort -u
<end of buildwords>

chmod u+x buildwords
cat hwnwdshw.htm | ./buildwords > hwords

cat assign3.html | tr '[:upper:]' '[:lower:]'  
| tr -cs "A-Za-z\'" '[\n*]' | sort -u 	# ENGLISHCHECKER

cat hwords | tr -cs "pk\'mnwlhaeiou" '[\n*]' 
| tr '[:upper:]' '[:lower:]' | sort -u 


# use hwords as dict on assign3:
cat assign3.html | tr -cs "A-Za-z" '[\n*]' 
| sort -u | comm -23 - hwords 

# on itself:
cat hwords | tr '[:upper:]' '[:lower:]' 
| sort -u | comm -23 - hwords  

# count misspelled English words with ENGLISHCHECKER
cat assign3.html | tr -cs "A-Za-z" '[\n*]' 
| sort -u | comm -23 - words > misseng
cat misseng | wc -w  # 83 misspelled English words

# count mispelled Hawaiian words with HAWAIIANCHECKER
cat assign3.html | tr -cs "A-Za-z" '[\n*]' 
| sort -u | comm -23 - hwords > misshaw
cat misshaw | wc -w  # 492 misspelled Hawaiian words


comm -23 misseng misshaw | wc -w  
# count misspelled English words but not misspelled Hawaiian words
# e.g.  "kahiki", "wiki"

comm -23 misshaw misseng | wc -w  
# count misspelled Hawaiian words but not misspelled English words
# e.g.  "words", "your"
